\BOOKMARK [1][-]{section.1}{Inleiding}{}% 1
\BOOKMARK [2][-]{subsection.1.1}{Opbouw van de Cursus}{section.1}% 2
\BOOKMARK [2][-]{subsection.1.2}{Optimaliserende Economische Agenten}{section.1}% 3
\BOOKMARK [2][-]{subsection.1.3}{Humans versus Econs}{section.1}% 4
\BOOKMARK [1][-]{section.2}{Waarover en Hoe Denken Economen?}{}% 5
\BOOKMARK [2][-]{subsection.2.1}{Bruto Binnenlands Product}{section.2}% 6
\BOOKMARK [2][-]{subsection.2.2}{Productiviteit}{section.2}% 7
\BOOKMARK [2][-]{subsection.2.3}{Specialisatie \046 Ruil}{section.2}% 8
\BOOKMARK [2][-]{subsection.2.4}{Comparatieve Voordelen}{section.2}% 9
\BOOKMARK [2][-]{subsection.2.5}{Hoe Spreken Economien?}{section.2}% 10
\BOOKMARK [1][-]{section.3}{Vraag \046 Aanbod}{}% 11
\BOOKMARK [2][-]{subsection.3.1}{Marktevenwicht}{section.3}% 12
\BOOKMARK [2][-]{subsection.3.2}{Elasticiteiten}{section.3}% 13
\BOOKMARK [2][-]{subsection.3.3}{Vraag- \046 Aanbodschokken}{section.3}% 14
\BOOKMARK [2][-]{subsection.3.4}{Belastingen \046 Subsidies}{section.3}% 15
\BOOKMARK [2][-]{subsection.3.5}{Prijsregulering \046 Quota's}{section.3}% 16
\BOOKMARK [1][-]{section.4}{Marktvormen}{}% 17
\BOOKMARK [2][-]{subsection.4.1}{Volmaakte Mededinging}{section.4}% 18
\BOOKMARK [3][-]{subsubsection.4.1.1}{De Vraag Vereenvoudigd}{subsection.4.1}% 19
\BOOKMARK [3][-]{subsubsection.4.1.2}{Het Aanbod}{subsection.4.1}% 20
\BOOKMARK [3][-]{subsubsection.4.1.3}{Welvaartsanalyse}{subsection.4.1}% 21
\BOOKMARK [2][-]{subsection.4.2}{Monopolie}{section.4}% 22
\BOOKMARK [3][-]{subsubsection.4.2.1}{Definitie}{subsection.4.2}% 23
\BOOKMARK [3][-]{subsubsection.4.2.2}{Winstmaximalisatie bij Monopolie}{subsection.4.2}% 24
\BOOKMARK [3][-]{subsubsection.4.2.3}{Prijsdiscriminatie}{subsection.4.2}% 25
\BOOKMARK [3][-]{subsubsection.4.2.4}{Het Natuurlijk Monopolie}{subsection.4.2}% 26
\BOOKMARK [3][-]{subsubsection.4.2.5}{Welvaartsanalyse}{subsection.4.2}% 27
\BOOKMARK [2][-]{subsection.4.3}{Onvolmaakte Mededinging}{section.4}% 28
\BOOKMARK [3][-]{subsubsection.4.3.1}{Homogeen Oligopolie}{subsection.4.3}% 29
\BOOKMARK [4][-]{section*.32}{De Prikkel om een Afspraak te Breken}{subsubsection.4.3.1}% 30
\BOOKMARK [4][-]{figure.caption.33}{De Reactiefunctie en het Cournot-Evenwicht}{subsubsection.4.3.1}% 31
\BOOKMARK [3][-]{subsubsection.4.3.2}{Het Homogeen Oligopolie en Speltheorie}{subsection.4.3}% 32
\BOOKMARK [4][-]{table.caption.40}{De Paradox van Bertrand}{subsubsection.4.3.2}% 33
\BOOKMARK [3][-]{subsubsection.4.3.3}{Productdifferentiatie}{subsection.4.3}% 34
\BOOKMARK [4][-]{section*.41}{Het Hotelling Model bij een Oligopolie}{subsubsection.4.3.3}% 35
\BOOKMARK [4][-]{figure.caption.42}{Monopolistische Mededinging}{subsubsection.4.3.3}% 36
\BOOKMARK [3][-]{subsubsection.4.3.4}{Asymmetrische informatie}{subsection.4.3}% 37
\BOOKMARK [3][-]{subsubsection.4.3.5}{Samenvatting}{subsection.4.3}% 38
\BOOKMARK [1][-]{section.5}{Marktfalingen}{}% 39
\BOOKMARK [2][-]{subsection.5.1}{Publieke Goederen \046 Externe Effecten}{section.5}% 40
\BOOKMARK [3][-]{subsubsection.5.1.1}{Publieke Goederen}{subsection.5.1}% 41
\BOOKMARK [3][-]{subsubsection.5.1.2}{Externe Effecten}{subsection.5.1}% 42
\BOOKMARK [4][-]{figure.caption.50}{Uitstootnormen}{subsubsection.5.1.2}% 43
\BOOKMARK [4][-]{figure.caption.51}{Eigendomsrechten en Aansprakelijkheid}{subsubsection.5.1.2}% 44
\BOOKMARK [4][-]{figure.caption.52}{Milieuheffingen}{subsubsection.5.1.2}% 45
\BOOKMARK [4][-]{figure.caption.54}{Verhandelbare Emissierechten}{subsubsection.5.1.2}% 46
\BOOKMARK [4][-]{figure.caption.54}{Positieve Externe Effecten}{subsubsection.5.1.2}% 47
\BOOKMARK [3][-]{subsubsection.5.1.3}{Publieke Voorziening van Private Goederen}{subsection.5.1}% 48
\BOOKMARK [2][-]{subsection.5.2}{Verdeling \046 Herverdeling}{section.5}% 49
\BOOKMARK [3][-]{subsubsection.5.2.1}{Definities}{subsection.5.2}% 50
\BOOKMARK [3][-]{subsubsection.5.2.2}{Ongelijkheid}{subsection.5.2}% 51
\BOOKMARK [4][-]{section*.56}{Binnen Landen}{subsubsection.5.2.2}% 52
\BOOKMARK [4][-]{figure.caption.60}{Wereldwijd}{subsubsection.5.2.2}% 53
\BOOKMARK [3][-]{subsubsection.5.2.3}{Armoede}{subsection.5.2}% 54
\BOOKMARK [4][-]{section*.64}{Wereldwijd}{subsubsection.5.2.3}% 55
\BOOKMARK [4][-]{section*.64}{Bij Ons}{subsubsection.5.2.3}% 56
\BOOKMARK [3][-]{subsubsection.5.2.4}{Belastingen}{subsection.5.2}% 57
\BOOKMARK [3][-]{subsubsection.5.2.5}{Sociale Zekerheid}{subsection.5.2}% 58
\BOOKMARK [4][-]{table.caption.73}{Twee Soorten \(Dimensies van\) Sociale Zekerheid}{subsubsection.5.2.5}% 59
\BOOKMARK [4][-]{table.caption.73}{Sociale `Verzekering' als Correctie van een Marktfaling}{subsubsection.5.2.5}% 60
\BOOKMARK [4][-]{Item.10}{Sociale Zekerheid en Solidariteit}{subsubsection.5.2.5}% 61
\BOOKMARK [4][-]{Item.10}{Pensioenen}{subsubsection.5.2.5}% 62
\BOOKMARK [4][-]{Item.12}{De Gezondheidszorg in Belgi\353}{subsubsection.5.2.5}% 63
\BOOKMARK [4][-]{figure.caption.75}{Het Europese en Belgische Niveau}{subsubsection.5.2.5}% 64
\BOOKMARK [3][-]{subsubsection.5.2.6}{Alles Heeft een Prijs, ook Herverdeling}{subsection.5.2}% 65
\BOOKMARK [1][-]{section.6}{Beschrijvende Macro-Economie}{}% 66
\BOOKMARK [2][-]{subsection.6.1}{Nationale Boekhouding}{section.6}% 67
\BOOKMARK [3][-]{subsubsection.6.1.1}{Het Ontstaan van de Macro-Economie}{subsection.6.1}% 68
\BOOKMARK [3][-]{subsubsection.6.1.2}{Het BBP}{subsection.6.1}% 69
\BOOKMARK [3][-]{subsubsection.6.1.3}{De Drie Wijzen}{subsection.6.1}% 70
\BOOKMARK [3][-]{subsubsection.6.1.4}{Het BBP in Belgi\353}{subsection.6.1}% 71
\BOOKMARK [3][-]{subsubsection.6.1.5}{Van het BBP naar het NNBI}{subsection.6.1}% 72
\BOOKMARK [3][-]{subsubsection.6.1.6}{NNBI, Lopende Rekening \046 Nationale Sparen}{subsection.6.1}% 73
\BOOKMARK [3][-]{subsubsection.6.1.7}{De Betalingsbalans}{subsection.6.1}% 74
\BOOKMARK [3][-]{subsubsection.6.1.8}{Nominale en Re\353le Economische Groei}{subsection.6.1}% 75
\BOOKMARK [3][-]{subsubsection.6.1.9}{Jaarlijkse Gemiddelde Groei of Trendgroei}{subsection.6.1}% 76
\BOOKMARK [3][-]{subsubsection.6.1.10}{Marktwisselkoers en PPP wisselkoers}{subsection.6.1}% 77
\BOOKMARK [3][-]{subsubsection.6.1.11}{Inflatie}{subsection.6.1}% 78
\BOOKMARK [1][-]{section.7}{Verklarende Macro-Economie}{}% 79
\BOOKMARK [2][-]{subsection.7.1}{Arbeidsaanbod}{section.7}% 80
\BOOKMARK [3][-]{subsubsection.7.1.1}{Volmaakte Mededinging - De Activiteitsgraad}{subsection.7.1}% 81
\BOOKMARK [4][-]{section*.88}{Het evenwichtsloon}{subsubsection.7.1.1}% 82
\BOOKMARK [4][-]{figure.caption.89}{De scholingspremie}{subsubsection.7.1.1}% 83
\BOOKMARK [4][-]{figure.caption.92}{Sociale bijdragen}{subsubsection.7.1.1}% 84
\BOOKMARK [3][-]{subsubsection.7.1.2}{De Natuurlijke Werkloosheid en de Natuurlijke Tewerkstelling}{subsection.7.1}% 85
\BOOKMARK [4][-]{figure.caption.94}{Loonstarheid}{subsubsection.7.1.2}% 86
\BOOKMARK [4][-]{figure.caption.94}{De Heterogeniteit van Arbeid}{subsubsection.7.1.2}% 87
\BOOKMARK [2][-]{subsection.7.2}{Economische Groei}{section.7}% 88
\BOOKMARK [3][-]{subsubsection.7.2.1}{Rol van de Arbeid, Kapitaalaccumulatie en Technologische Vooruitgang}{subsection.7.2}% 89
\BOOKMARK [3][-]{subsubsection.7.2.2}{Endogene Technologische Vooruitgang}{subsection.7.2}% 90
\BOOKMARK [3][-]{subsubsection.7.2.3}{De Rol van Instituties}{subsection.7.2}% 91
\BOOKMARK [1][-]{section.8}{Globalisering}{}% 92
\BOOKMARK [1][-]{appendix.A}{Appendix}{}% 93
\BOOKMARK [2][-]{subsection.A.1}{Over het Begrip Afgeleide}{appendix.A}% 94
\BOOKMARK [2][-]{subsection.A.2}{Over het Begrip Logaritme}{appendix.A}% 95
\BOOKMARK [1][-]{section*.100}{Index}{}% 96
